Log file open, 06/13/18 14:53:18
LogWindows: Failed to load 'aqProf.dll' (GetLastError=126)
LogWindows: File 'aqProf.dll' does not exist
LogWindows: Failed to load 'VtuneApi.dll' (GetLastError=126)
LogWindows: File 'VtuneApi.dll' does not exist
LogWindows: Failed to load 'VtuneApi32e.dll' (GetLastError=126)
LogWindows: File 'VtuneApi32e.dll' does not exist
LogInit: Display: Running engine for game: SummerGame
LogPlatformFile: Not using cached read wrapper
LogInit: Display: RandInit(341850584) SRandInit(341850584).
LogInit: Read version file with build ID '3944462'
LogInit: Overriding engine version to CL 4033788, compatible CL 3944462
LogInit: Registered custom module enumerator with build ID '3944462'
LogTaskGraph: Started task graph with 5 named threads and 35 total threads with 3 sets of task threads.
LogStats: Stats thread started at 0.678410
LogD3D11RHI: Aftermath initialized
LogICUInternationalization: Display: ICU TimeZone Detection - Raw Offset: -6:00, Platform Override: ''
LogModuleManager: Display: Found up-to-date module file ../../../Engine/Plugins/2D/Paper2D/Binaries/Win64/UE4Editor-Paper2D.dll (API version 3944462).
LogModuleManager: Display: Found up-to-date module file ../../../Engine/Plugins/2D/Paper2D/Binaries/Win64/UE4Editor-Paper2DEditor.dll (API version 3944462).
LogModuleManager: Display: Found up-to-date module file ../../../Engine/Plugins/2D/Paper2D/Binaries/Win64/UE4Editor-PaperSpriteSheetImporter.dll (API version 3944462).
LogModuleManager: Display: Found up-to-date module file ../../../Engine/Plugins/2D/Paper2D/Binaries/Win64/UE4Editor-PaperTiledImporter.dll (API version 3944462).
LogModuleManager: Display: Found up-to-date module file ../../../Engine/Plugins/2D/Paper2D/Binaries/Win64/UE4Editor-SmartSnapping.dll (API version 3944462).
LogModuleManager: Display: Found up-to-date module file ../../../Engine/Plugins/Blendables/LightPropagationVolume/Binaries/Win64/UE4Editor-LightPropagationVolumeRuntime.dll (API version 3944462).
LogModuleManager: Display: Found up-to-date module file ../../../Engine/Plugins/Blendables/LightPropagationVolume/Binaries/Win64/UE4Editor-LightPropagationVolumeEditor.dll (API version 3944462).
LogModuleManager: Display: Found up-to-date module file ../../../Engine/Plugins/Developer/CLionSourceCodeAccess/Binaries/Win64/UE4Editor-CLionSourceCodeAccess.dll (API version 3944462).
LogModuleManager: Display: Found up-to-date module file ../../../Engine/Plugins/Developer/GitSourceControl/Binaries/Win64/UE4Editor-GitSourceControl.dll (API version 3944462).
LogModuleManager: Display: Found up-to-date module file ../../../Engine/Plugins/Developer/PerforceSourceControl/Binaries/Win64/UE4Editor-PerforceSourceControl.dll (API version 3944462).
LogModuleManager: Display: Found up-to-date module file ../../../Engine/Plugins/Developer/SubversionSourceControl/Binaries/Win64/UE4Editor-SubversionSourceControl.dll (API version 3944462).
LogModuleManager: Display: Found up-to-date module file ../../../Engine/Plugins/Developer/UObjectPlugin/Binaries/Win64/UE4Editor-UObjectPlugin.dll (API version 3944462).
LogModuleManager: Display: Found up-to-date module file ../../../Engine/Plugins/Developer/VisualStudioCodeSourceCodeAccess/Binaries/Win64/UE4Editor-VisualStudioCodeSourceCodeAccess.dll (API version 3944462).
LogModuleManager: Display: Found up-to-date module file ../../../Engine/Plugins/Developer/VisualStudioSourceCodeAccess/Binaries/Win64/UE4Editor-VisualStudioSourceCodeAccess.dll (API version 3944462).
LogModuleManager: Display: Found up-to-date module file ../../../Engine/Plugins/Editor/AssetManagerEditor/Binaries/Win64/UE4Editor-AssetManagerEditor.dll (API version 3944462).
LogModuleManager: Display: Found up-to-date module file ../../../Engine/Plugins/Editor/CryptoKeys/Binaries/Win64/UE4Editor-CryptoKeys.dll (API version 3944462).
LogModuleManager: Display: Found up-to-date module file ../../../Engine/Plugins/Editor/CryptoKeys/Binaries/Win64/UE4Editor-CryptoKeysOpenSSL.dll (API version 3944462).
LogModuleManager: Display: Found up-to-date module file ../../../Engine/Plugins/Editor/DataValidation/Binaries/Win64/UE4Editor-DataValidation.dll (API version 3944462).
LogModuleManager: Display: Found up-to-date module file ../../../Engine/Plugins/Editor/FacialAnimation/Binaries/Win64/UE4Editor-FacialAnimation.dll (API version 3944462).
LogModuleManager: Display: Found up-to-date module file ../../../Engine/Plugins/Editor/FacialAnimation/Binaries/Win64/UE4Editor-FacialAnimationEditor.dll (API version 3944462).
LogModuleManager: Display: Found up-to-date module file ../../../Engine/Plugins/Editor/GameplayTagsEditor/Binaries/Win64/UE4Editor-GameplayTagsEditor.dll (API version 3944462).
LogModuleManager: Display: Found up-to-date module file ../../../Engine/Plugins/Editor/MobileLauncherProfileWizard/Binaries/Win64/UE4Editor-MobileLauncherProfileWizard.dll (API version 3944462).
LogModuleManager: Display: Found up-to-date module file ../../../Engine/Plugins/Editor/PluginBrowser/Binaries/Win64/UE4Editor-PluginBrowser.dll (API version 3944462).
LogModuleManager: Display: Found up-to-date module file ../../../Engine/Plugins/Editor/SpeedTreeImporter/Binaries/Win64/UE4Editor-SpeedTreeImporter.dll (API version 3944462).
LogModuleManager: Display: Found up-to-date module file ../../../Engine/Plugins/Enterprise/DatasmithContent/Binaries/Win64/UE4Editor-DatasmithContent.dll (API version 3944462).
LogModuleManager: Display: Found up-to-date module file ../../../Engine/Plugins/Experimental/AlembicImporter/Binaries/Win64/UE4Editor-AlembicImporter.dll (API version 3944462).
LogModuleManager: Display: Found up-to-date module file ../../../Engine/Plugins/Experimental/AlembicImporter/Binaries/Win64/UE4Editor-AlembicLibrary.dll (API version 3944462).
LogModuleManager: Display: Found up-to-date module file ../../../Engine/Plugins/Experimental/CharacterAI/Binaries/Win64/UE4Editor-CharacterAI.dll (API version 3944462).
LogModuleManager: Display: Found up-to-date module file ../../../Engine/Plugins/Experimental/HTML5Networking/Binaries/Win64/UE4Editor-HTML5Networking.dll (API version 3944462).
LogModuleManager: Display: Found up-to-date module file ../../../Engine/Plugins/Media/AndroidMedia/Binaries/Win64/UE4Editor-AndroidMediaEditor.dll (API version 3944462).
LogModuleManager: Display: Found up-to-date module file ../../../Engine/Plugins/Media/AndroidMedia/Binaries/Win64/UE4Editor-AndroidMediaFactory.dll (API version 3944462).
LogModuleManager: Display: Found up-to-date module file ../../../Engine/Plugins/Media/AvfMedia/Binaries/Win64/UE4Editor-AvfMediaEditor.dll (API version 3944462).
LogModuleManager: Display: Found up-to-date module file ../../../Engine/Plugins/Media/AvfMedia/Binaries/Win64/UE4Editor-AvfMediaFactory.dll (API version 3944462).
LogModuleManager: Display: Found up-to-date module file ../../../Engine/Plugins/Media/AvfMedia/Binaries/Win64/UE4Editor-AvfMediaFactory.dll (API version 3944462).
LogModuleManager: Display: Found up-to-date module file ../../../Engine/Plugins/Media/ImgMedia/Binaries/Win64/UE4Editor-ImgMedia.dll (API version 3944462).
LogModuleManager: Display: Found up-to-date module file ../../../Engine/Plugins/Media/ImgMedia/Binaries/Win64/UE4Editor-ImgMediaEditor.dll (API version 3944462).
LogModuleManager: Display: Found up-to-date module file ../../../Engine/Plugins/Media/ImgMedia/Binaries/Win64/UE4Editor-ImgMediaFactory.dll (API version 3944462).
LogModuleManager: Display: Found up-to-date module file ../../../Engine/Plugins/Media/ImgMedia/Binaries/Win64/UE4Editor-ImgMediaFactory.dll (API version 3944462).
LogModuleManager: Display: Found up-to-date module file ../../../Engine/Plugins/Media/ImgMedia/Binaries/Win64/UE4Editor-OpenExrWrapper.dll (API version 3944462).
LogModuleManager: Display: Found up-to-date module file ../../../Engine/Plugins/Media/LinearTimecode/Binaries/Win64/UE4Editor-LinearTimecode.dll (API version 3944462).
LogModuleManager: Display: Found up-to-date module file ../../../Engine/Plugins/Media/MediaCompositing/Binaries/Win64/UE4Editor-MediaCompositing.dll (API version 3944462).
LogModuleManager: Display: Found up-to-date module file ../../../Engine/Plugins/Media/MediaCompositing/Binaries/Win64/UE4Editor-MediaCompositingEditor.dll (API version 3944462).
LogModuleManager: Display: Found up-to-date module file ../../../Engine/Plugins/Media/MediaPlayerEditor/Binaries/Win64/UE4Editor-MediaPlayerEditor.dll (API version 3944462).
LogModuleManager: Display: Found up-to-date module file ../../../Engine/Plugins/Media/WmfMedia/Binaries/Win64/UE4Editor-WmfMedia.dll (API version 3944462).
LogModuleManager: Display: Found up-to-date module file ../../../Engine/Plugins/Media/WmfMedia/Binaries/Win64/UE4Editor-WmfMediaEditor.dll (API version 3944462).
LogModuleManager: Display: Found up-to-date module file ../../../Engine/Plugins/Media/WmfMedia/Binaries/Win64/UE4Editor-WmfMediaFactory.dll (API version 3944462).
LogModuleManager: Display: Found up-to-date module file ../../../Engine/Plugins/Media/WmfMedia/Binaries/Win64/UE4Editor-WmfMediaFactory.dll (API version 3944462).
LogModuleManager: Display: Found up-to-date module file ../../../Engine/Plugins/Messaging/TcpMessaging/Binaries/Win64/UE4Editor-TcpMessaging.dll (API version 3944462).
LogModuleManager: Display: Found up-to-date module file ../../../Engine/Plugins/Messaging/UdpMessaging/Binaries/Win64/UE4Editor-UdpMessaging.dll (API version 3944462).
LogModuleManager: Display: Found up-to-date module file ../../../Engine/Plugins/MovieScene/ActorSequence/Binaries/Win64/UE4Editor-ActorSequence.dll (API version 3944462).
LogModuleManager: Display: Found up-to-date module file ../../../Engine/Plugins/MovieScene/LevelSequenceEditor/Binaries/Win64/UE4Editor-LevelSequenceEditor.dll (API version 3944462).
LogModuleManager: Display: Found up-to-date module file ../../../Engine/Plugins/MovieScene/MatineeToLevelSequence/Binaries/Win64/UE4Editor-MatineeToLevelSequence.dll (API version 3944462).
LogModuleManager: Display: Found up-to-date module file ../../../Engine/Plugins/NetcodeUnitTest/NetcodeUnitTest/Binaries/Win64/UE4Editor-NetcodeUnitTest.dll (API version 3944462).
LogModuleManager: Display: Found up-to-date module file ../../../Engine/Plugins/NetcodeUnitTest/NUTUnrealEngine4/Binaries/Win64/UE4Editor-NUTUnrealEngine4.dll (API version 3944462).
LogModuleManager: Display: Found up-to-date module file ../../../Engine/Plugins/Online/OnlineSubsystem/Binaries/Win64/UE4Editor-OnlineSubsystem.dll (API version 3944462).
LogModuleManager: Display: Found up-to-date module file ../../../Engine/Plugins/Runtime/AndroidPermission/Binaries/Win64/UE4Editor-AndroidPermission.dll (API version 3944462).
LogModuleManager: Display: Found up-to-date module file ../../../Engine/Plugins/Online/OnlineSubsystemNull/Binaries/Win64/UE4Editor-OnlineSubsystemNull.dll (API version 3944462).
LogModuleManager: Display: Found up-to-date module file ../../../Engine/Plugins/Online/OnlineSubsystemUtils/Binaries/Win64/UE4Editor-OnlineSubsystemUtils.dll (API version 3944462).
LogModuleManager: Display: Found up-to-date module file ../../../Engine/Plugins/Online/OnlineSubsystemUtils/Binaries/Win64/UE4Editor-OnlineBlueprintSupport.dll (API version 3944462).
LogModuleManager: Display: Found up-to-date module file ../../../Engine/Plugins/Runtime/AndroidDeviceProfileSelector/Binaries/Win64/UE4Editor-AndroidDeviceProfileSelector.dll (API version 3944462).
LogModuleManager: Display: Found up-to-date module file ../../../Engine/Plugins/Runtime/AppleARKit/Binaries/Win64/UE4Editor-AppleARKit.dll (API version 3944462).
LogModuleManager: Display: Found up-to-date module file ../../../Engine/Plugins/Runtime/ProceduralMeshComponent/Binaries/Win64/UE4Editor-ProceduralMeshComponent.dll (API version 3944462).
LogModuleManager: Display: Found up-to-date module file ../../../Engine/Plugins/Runtime/ProceduralMeshComponent/Binaries/Win64/UE4Editor-ProceduralMeshComponentEditor.dll (API version 3944462).
LogModuleManager: Display: Found up-to-date module file ../../../Engine/Plugins/Animation/LiveLink/Binaries/Win64/UE4Editor-LiveLink.dll (API version 3944462).
LogModuleManager: Display: Found up-to-date module file ../../../Engine/Plugins/Animation/LiveLink/Binaries/Win64/UE4Editor-LiveLinkEditor.dll (API version 3944462).
LogModuleManager: Display: Found up-to-date module file ../../../Engine/Plugins/Runtime/ArchVisCharacter/Binaries/Win64/UE4Editor-ArchVisCharacter.dll (API version 3944462).
LogModuleManager: Display: Found up-to-date module file ../../../Engine/Plugins/Runtime/AudioCapture/Binaries/Win64/UE4Editor-AudioCapture.dll (API version 3944462).
LogModuleManager: Display: Found up-to-date module file ../../../Engine/Plugins/Runtime/AudioCapture/Binaries/Win64/UE4Editor-AudioCaptureEditor.dll (API version 3944462).
LogModuleManager: Display: Found up-to-date module file ../../../Engine/Plugins/Runtime/CableComponent/Binaries/Win64/UE4Editor-CableComponent.dll (API version 3944462).
LogModuleManager: Display: Found up-to-date module file ../../../Engine/Plugins/Runtime/CustomMeshComponent/Binaries/Win64/UE4Editor-CustomMeshComponent.dll (API version 3944462).
LogModuleManager: Display: Found up-to-date module file ../../../Engine/Plugins/Runtime/ExampleDeviceProfileSelector/Binaries/Win64/UE4Editor-ExampleDeviceProfileSelector.dll (API version 3944462).
LogModuleManager: Display: Found up-to-date module file ../../../Engine/Plugins/Runtime/ImmediatePhysics/Binaries/Win64/UE4Editor-ImmediatePhysics.dll (API version 3944462).
LogModuleManager: Display: Found up-to-date module file ../../../Engine/Plugins/Runtime/ImmediatePhysics/Binaries/Win64/UE4Editor-ImmediatePhysicsEditor.dll (API version 3944462).
LogModuleManager: Display: Found up-to-date module file ../../../Engine/Plugins/Runtime/LocationServicesBPLibrary/Binaries/Win64/UE4Editor-LocationServicesBPLibrary.dll (API version 3944462).
LogModuleManager: Display: Found up-to-date module file ../../../Engine/Plugins/Runtime/MobilePatchingUtils/Binaries/Win64/UE4Editor-MobilePatchingUtils.dll (API version 3944462).
LogModuleManager: Display: Found up-to-date module file ../../../Engine/Plugins/Runtime/Oculus/OculusVR/Binaries/Win64/UE4Editor-OculusHMD.dll (API version 3944462).
LogModuleManager: Display: Found up-to-date module file ../../../Engine/Plugins/Runtime/Oculus/OculusVR/Binaries/Win64/UE4Editor-OculusInput.dll (API version 3944462).
LogModuleManager: Display: Found up-to-date module file ../../../Engine/Plugins/Runtime/Oculus/OculusVR/Binaries/Win64/UE4Editor-OculusEditor.dll (API version 3944462).
LogModuleManager: Display: Found up-to-date module file ../../../Engine/Plugins/Runtime/PhysXVehicles/Binaries/Win64/UE4Editor-PhysXVehicles.dll (API version 3944462).
LogModuleManager: Display: Found up-to-date module file ../../../Engine/Plugins/Runtime/PhysXVehicles/Binaries/Win64/UE4Editor-PhysXVehiclesEditor.dll (API version 3944462).
LogModuleManager: Display: Found up-to-date module file ../../../Engine/Plugins/Runtime/RuntimePhysXCooking/Binaries/Win64/UE4Editor-RuntimePhysXCooking.dll (API version 3944462).
LogModuleManager: Display: Found up-to-date module file ../../../Engine/Plugins/Runtime/Steam/SteamVR/Binaries/Win64/UE4Editor-SteamVR.dll (API version 3944462).
LogModuleManager: Display: Found up-to-date module file ../../../Engine/Plugins/Runtime/Steam/SteamVR/Binaries/Win64/UE4Editor-SteamVRController.dll (API version 3944462).
LogModuleManager: Display: Found up-to-date module file ../../../Engine/Plugins/Runtime/WindowsMoviePlayer/Binaries/Win64/UE4Editor-WindowsMoviePlayer.dll (API version 3944462).
LogPluginManager: Mounting plugin Paper2D
LogPluginManager: Mounting plugin LiveLink
LogPluginManager: Mounting plugin LightPropagationVolume
LogPluginManager: Mounting plugin CLionSourceCodeAccess
LogPluginManager: Mounting plugin CodeLiteSourceCodeAccess
LogPluginManager: Mounting plugin GitSourceControl
LogPluginManager: Mounting plugin KDevelopSourceCodeAccess
LogPluginManager: Mounting plugin NullSourceCodeAccess
LogPluginManager: Mounting plugin PerforceSourceControl
LogPluginManager: Mounting plugin SubversionSourceControl
LogPluginManager: Mounting plugin UObjectPlugin
LogPluginManager: Mounting plugin VisualStudioCodeSourceCodeAccess
LogPluginManager: Mounting plugin VisualStudioSourceCodeAccess
LogPluginManager: Mounting plugin XCodeSourceCodeAccess
LogPluginManager: Mounting plugin AssetManagerEditor
LogPluginManager: Mounting plugin CryptoKeys
LogPluginManager: Mounting plugin DataValidation
LogPluginManager: Mounting plugin FacialAnimation
LogPluginManager: Mounting plugin GameplayTagsEditor
LogPluginManager: Mounting plugin MobileLauncherProfileWizard
LogPluginManager: Mounting plugin PluginBrowser
LogPluginManager: Mounting plugin SpeedTreeImporter
LogPluginManager: Mounting plugin DatasmithContent
LogPluginManager: Mounting plugin AlembicImporter
LogPluginManager: Mounting plugin CharacterAI
LogPluginManager: Mounting plugin HTML5Networking
LogPluginManager: Mounting plugin AndroidMedia
LogPluginManager: Mounting plugin AvfMedia
LogPluginManager: Mounting plugin ImgMedia
LogPluginManager: Mounting plugin LinearTimecode
LogPluginManager: Mounting plugin MediaCompositing
LogPluginManager: Mounting plugin MediaPlayerEditor
LogPluginManager: Mounting plugin WmfMedia
LogPluginManager: Mounting plugin TcpMessaging
LogPluginManager: Mounting plugin UdpMessaging
LogPluginManager: Mounting plugin ActorSequence
LogPluginManager: Mounting plugin LevelSequenceEditor
LogPluginManager: Mounting plugin MatineeToLevelSequence
LogPluginManager: Mounting plugin NetcodeUnitTest
LogPluginManager: Mounting plugin NUTUnrealEngine4
LogPluginManager: Mounting plugin OnlineSubsystemGooglePlay
LogPluginManager: Mounting plugin OnlineSubsystemIOS
LogPluginManager: Mounting plugin OnlineSubsystem
LogPluginManager: Mounting plugin OnlineSubsystemNull
LogPluginManager: Mounting plugin OnlineSubsystemUtils
LogPluginManager: Mounting plugin AndroidDeviceProfileSelector
LogPluginManager: Mounting plugin AndroidMoviePlayer
LogPluginManager: Mounting plugin AndroidPermission
LogPluginManager: Mounting plugin AppleARKit
LogPluginManager: Mounting plugin AppleMoviePlayer
LogPluginManager: Mounting plugin ArchVisCharacter
LogPluginManager: Mounting plugin AudioCapture
LogPluginManager: Mounting plugin CableComponent
LogPluginManager: Mounting plugin CustomMeshComponent
LogPluginManager: Mounting plugin ExampleDeviceProfileSelector
LogPluginManager: Mounting plugin GoogleCloudMessaging
LogPluginManager: Mounting plugin ImmediatePhysics
LogPluginManager: Mounting plugin IOSDeviceProfileSelector
LogPluginManager: Mounting plugin LinuxDeviceProfileSelector
LogPluginManager: Mounting plugin LocationServicesBPLibrary
LogPluginManager: Mounting plugin MobilePatchingUtils
LogPluginManager: Mounting plugin OculusVR
LogPluginManager: Plugin shader directory ../../../Engine/Plugins/Runtime/Oculus/OculusVR/Shaders found
LogPluginManager: Mapping shader source directory ../../../Engine/Plugins/Runtime/Oculus/OculusVR/Shaders to virtual directory /Plugin/OculusVR
LogPluginManager: Mounting plugin PhysXVehicles
LogPluginManager: Mounting plugin ProceduralMeshComponent
LogPluginManager: Mounting plugin RuntimePhysXCooking
LogPluginManager: Mounting plugin SteamVR
LogPluginManager: Mounting plugin WindowsMoviePlayer
LogStreaming: Display: Took 57.593s to configure plugins.
LogInit: Using libcurl 7.47.1
LogInit:  - built for x86_64-pc-win32
LogInit:  - supports SSL with OpenSSL/1.0.2g
LogInit:  - supports HTTP deflate (compression) using libz 1.2.8
LogInit:  - other features:
LogInit:      CURL_VERSION_SSL
LogInit:      CURL_VERSION_LIBZ
LogInit:      CURL_VERSION_IPV6
LogInit:      CURL_VERSION_ASYNCHDNS
LogInit:      CURL_VERSION_LARGEFILE
LogInit:      CURL_VERSION_IDN
LogInit:  CurlRequestOptions (configurable via config and command line):
LogInit:  - bVerifyPeer = false  - Libcurl will NOT verify peer certificate
LogInit:  - bUseHttpProxy = false  - Libcurl will NOT use HTTP proxy
LogInit:  - bDontReuseConnections = false  - Libcurl will reuse connections
LogInit:  - CertBundlePath = nullptr  - Libcurl will use whatever was configured at build time.
LogInit:  - MaxHostConnections = 16  - Libcurl will limit the number of connections to a host
LogInit:  - LocalHostAddr = Default
LogInit: WinSock: version 1.1 (2.2), MaxSocks=32767, MaxUdp=65467
LogInit: WinSock: I am INTERACTIVE-20 (165.91.197.26:0)
LogInit: Build: ++UE4+Release-4.19-CL-4033788
LogInit: Engine Version: 4.19.2-4033788+++UE4+Release-4.19
LogInit: Compatible Engine Version: 4.19.0-3944462+++UE4+Release-4.19
LogInit: Net CL: 3944462
LogDevObjectVersion: Number of dev versions registered: 18
LogDevObjectVersion:   Dev-Blueprints (B0D832E4-1F89-4F0D-ACCF-7EB736FD4AA2): 10
LogDevObjectVersion:   Dev-Build (E1C64328-A22C-4D53-A36C-8E866417BD8C): 0
LogDevObjectVersion:   Dev-Core (375EC13C-06E4-48FB-B500-84F0262A717E): 2
LogDevObjectVersion:   Dev-Editor (E4B068ED-F494-42E9-A231-DA0B2E46BB41): 23
LogDevObjectVersion:   Dev-Framework (CFFC743F-43B0-4480-9391-14DF171D2073): 33
LogDevObjectVersion:   Dev-Mobile (B02B49B5-BB20-44E9-A304-32B752E40360): 2
LogDevObjectVersion:   Dev-Networking (A4E4105C-59A1-49B5-A7C5-40C4547EDFEE): 0
LogDevObjectVersion:   Dev-Online (39C831C9-5AE6-47DC-9A44-9C173E1C8E7C): 0
LogDevObjectVersion:   Dev-Physics (78F01B33-EBEA-4F98-B9B4-84EACCB95AA2): 0
LogDevObjectVersion:   Dev-Platform (6631380F-2D4D-43E0-8009-CF276956A95A): 0
LogDevObjectVersion:   Dev-Rendering (12F88B9F-8875-4AFC-A67C-D90C383ABD29): 25
LogDevObjectVersion:   Dev-Sequencer (7B5AE74C-D270-4C10-A958-57980B212A5A): 6
LogDevObjectVersion:   Dev-VR (D7296918-1DD6-4BDD-9DE2-64A83CC13884): 1
LogDevObjectVersion:   Dev-LoadTimes (C2A15278-BFE7-4AFE-6C17-90FF531DF755): 1
LogDevObjectVersion:   Private-Geometry (6EACA3D4-40EC-4CC1-B786-8BED09428FC5): 2
LogDevObjectVersion:   Dev-AnimPhys (29E575DD-E0A3-4627-9D10-D276232CDCEA): 16
LogDevObjectVersion:   Dev-ReflectionCapture (6B266CEC-1EC7-4B8F-A30B-E4D90942FC07): 1
LogDevObjectVersion:   Dev-Automation (0DF73D61-A23F-47EA-B727-89E90C41499A): 1
LogInit: Compiled (64-bit): Apr 27 2018 02:06:57
LogInit: Compiled with Visual C++: 19.00.24215.01
LogInit: Build Configuration: Development
LogInit: Branch Name: ++UE4+Release-4.19
LogInit: Command Line:  
LogInit: Base Directory: C:/Program Files/Epic Games/UE_4.19/Engine/Binaries/Win64/
LogInit: Installed Engine Build: 1
LogStreaming: Display: Took  0.029s to delete old logs.
LogInit: Presizing for max 8388607 objects, including 0 objects not considered by GC, pre-allocating 0 bytes for permanent pool.
LogInit: Object subsystem initialized
[2018.06.13-19.54.30:702][  0]LogInit: Selected Device Profile: [Windows]
[2018.06.13-19.54.30:702][  0]LogInit: Applying CVar settings loaded from the selected device profile: [Windows]
[2018.06.13-19.54.30:957][  0]LogInit: Computer: INTERACTIVE-20
[2018.06.13-19.54.30:957][  0]LogInit: User: aggiedannyray
[2018.06.13-19.54.30:957][  0]LogInit: CPU Page size=4096, Cores=6
[2018.06.13-19.54.30:957][  0]LogInit: High frequency timer resolution =3.409749 MHz
[2018.06.13-19.54.30:957][  0]LogMemory: Memory total: Physical=31.9GB (32GB approx)
[2018.06.13-19.54.30:957][  0]LogMemory: Platform Memory Stats for Windows
[2018.06.13-19.54.30:957][  0]LogMemory: Process Physical Memory: 275.63 MB used, 275.63 MB peak
[2018.06.13-19.54.30:957][  0]LogMemory: Process Virtual Memory: 273.16 MB used, 273.16 MB peak
[2018.06.13-19.54.30:957][  0]LogMemory: Physical Memory: 8142.18 MB used,  24549.57 MB free, 32691.75 MB total
[2018.06.13-19.54.30:957][  0]LogMemory: Virtual Memory: 706.52 MB used,  24549.57 MB free, 134217728.00 MB total
[2018.06.13-19.54.32:270][  0]LogInit: Using OS detected language (en-US).
[2018.06.13-19.54.32:270][  0]LogInit: Using OS detected locale (en-US).
[2018.06.13-19.54.32:615][  0]LogTextLocalizationManager: No specific localization for 'en-US' exists, so the 'en' localization will be used.
[2018.06.13-19.54.33:508][  0]LogStreaming: Display: Took  1.239s to EndInitTextLocalization.
[2018.06.13-19.54.33:508][  0]LogInit: Setting process to per monitor DPI aware
[2018.06.13-19.54.33:812][  0]LogSlate: New Slate User Created.  User Index 0, Is Virtual User: 0
[2018.06.13-19.54.33:812][  0]LogSlate: Slate User Registered.  User Index 0, Is Virtual User: 0
[2018.06.13-19.54.41:459][  0]LogD3D11RHI: D3D11 adapters:
[2018.06.13-19.54.41:644][  0]LogD3D11RHI:    0. 'AMD FirePro W7000' (Feature Level 11_0)
[2018.06.13-19.54.41:644][  0]LogD3D11RHI:       4076/0/16345 MB DedicatedVideo/DedicatedSystem/SharedSystem, Outputs:2, VendorId:0x1002
[2018.06.13-19.54.41:681][  0]LogD3D11RHI:    1. 'Microsoft Basic Render Driver' (Feature Level 11_0)
[2018.06.13-19.54.41:681][  0]LogD3D11RHI:       0/0/16345 MB DedicatedVideo/DedicatedSystem/SharedSystem, Outputs:0, VendorId:0x1414
[2018.06.13-19.54.41:681][  0]LogD3D11RHI: Chosen D3D11 Adapter: 0
[2018.06.13-19.54.41:687][  0]LogD3D11RHI: Creating new Direct3DDevice
[2018.06.13-19.54.41:687][  0]LogD3D11RHI:     GPU DeviceId: 0x6808 (for the marketing name, search the web for "GPU Device Id")
[2018.06.13-19.54.41:688][  0]LogWindows: EnumDisplayDevices:
[2018.06.13-19.54.41:688][  0]LogWindows:    0. 'AMD FirePro W7000' (P:1 D:1)
[2018.06.13-19.54.41:688][  0]LogWindows:    1. 'AMD FirePro W7000' (P:0 D:1)
[2018.06.13-19.54.41:688][  0]LogWindows:    2. 'AMD FirePro W7000' (P:0 D:0)
[2018.06.13-19.54.41:689][  0]LogWindows:    3. 'AMD FirePro W7000' (P:0 D:0)
[2018.06.13-19.54.41:689][  0]LogWindows:    4. 'AMD FirePro W7000' (P:0 D:0)
[2018.06.13-19.54.41:689][  0]LogWindows:    5. 'AMD FirePro W7000' (P:0 D:0)
[2018.06.13-19.54.41:689][  0]LogWindows: DebugString: GetVideoDriverDetailsInvalid PrimaryIsNotTheChoosenAdapter GetVideoDriverDetailsInvalid PrimaryIsNotTheChoosenAdapter GetVideoDriverDetailsInvalid PrimaryIsNotTheChoosenAdapter GetVideoDriverDetailsInvalid PrimaryIsNotTheChoosenAdapter GetVideoDriverDetailsInvalid PrimaryIsNotTheChoosenAdapter GetVideoDriverDetailsInvalid PrimaryIsNotTheChoosenAdapter FoundDriverCount:0 
[2018.06.13-19.54.41:689][  0]LogD3D11RHI:     Adapter Name: AMD FirePro W7000
[2018.06.13-19.54.41:689][  0]LogD3D11RHI:   Driver Version: Unknown (internal:Unknown, unified:Unknown)
[2018.06.13-19.54.41:689][  0]LogD3D11RHI:      Driver Date: Unknown
[2018.06.13-19.54.41:689][  0]LogRHI: Texture pool is 2853 MB (70% of 4076 MB)
[2018.06.13-19.54.41:968][  0]LogD3D11RHI: Async texture creation enabled
[2018.06.13-19.54.41:983][  0]LogD3D11RHI: GPU Timing Frequency: 27.000000 (Debug: 2 1)
[2018.06.13-19.54.41:998][  0]LogShaderCompilers: Guid format shader working directory is -5 characters bigger than the processId version (../../../../../../Users/aggiedannyray/Documents/SummerGame/Intermediate/Shaders/WorkingDirectory/12220/).
[2018.06.13-19.54.41:999][  0]LogShaderCompilers: Cleaned the shader compiler working directory 'C:/Users/aggiedannyray/AppData/Local/Temp/UnrealShaderWorkingDir/B04727C14695E451F8CE3BBDF8187658/'.
[2018.06.13-19.54.45:486][  0]LogTemp: Display: Loaded TP AllDesktopTargetPlatform
[2018.06.13-19.54.45:606][  0]LogTemp: Display: Loaded TP MacClientTargetPlatform
[2018.06.13-19.54.45:699][  0]LogTemp: Display: Loaded TP MacNoEditorTargetPlatform
[2018.06.13-19.54.45:772][  0]LogTemp: Display: Loaded TP MacServerTargetPlatform
[2018.06.13-19.54.45:879][  0]LogTemp: Display: Loaded TP MacTargetPlatform
[2018.06.13-19.54.45:964][  0]LogTemp: Display: Loaded TP WindowsClientTargetPlatform
[2018.06.13-19.54.46:066][  0]LogTemp: Display: Loaded TP WindowsNoEditorTargetPlatform
[2018.06.13-19.54.46:171][  0]LogTemp: Display: Loaded TP WindowsServerTargetPlatform
[2018.06.13-19.54.46:247][  0]LogTemp: Display: Loaded TP WindowsTargetPlatform
[2018.06.13-19.54.46:338][  0]LogTemp: Display: Loaded TP Android_ASTCTargetPlatform
[2018.06.13-19.54.46:434][  0]LogTemp: Display: Loaded TP Android_ATCTargetPlatform
[2018.06.13-19.54.46:534][  0]LogTemp: Display: Loaded TP Android_DXTTargetPlatform
[2018.06.13-19.54.46:661][  0]LogTemp: Display: Loaded TP Android_ETC1aTargetPlatform
[2018.06.13-19.54.46:786][  0]LogTemp: Display: Loaded TP Android_ETC1TargetPlatform
[2018.06.13-19.54.46:886][  0]LogTemp: Display: Loaded TP Android_ETC2TargetPlatform
[2018.06.13-19.54.47:061][  0]LogTemp: Display: Loaded TP Android_MultiTargetPlatform
[2018.06.13-19.54.47:061][  0]LogTemp: Display: Loaded TP Android_PVRTCTargetPlatform
[2018.06.13-19.54.47:158][  0]LogTemp: Display: Loaded TP AndroidTargetPlatform
[2018.06.13-19.54.47:202][  0]LogTemp: Display: Loaded TP HTML5TargetPlatform
[2018.06.13-19.54.47:423][  0]LogTemp: Display: Loaded TP IOSTargetPlatform
[2018.06.13-19.54.47:525][  0]LogTemp: Display: Loaded TP TVOSTargetPlatform
[2018.06.13-19.54.47:600][  0]LogTemp: Display: Loaded TP LinuxClientTargetPlatform
[2018.06.13-19.54.47:679][  0]LogTemp: Display: Loaded TP LinuxNoEditorTargetPlatform
[2018.06.13-19.54.47:772][  0]LogTemp: Display: Loaded TP LinuxServerTargetPlatform
[2018.06.13-19.54.47:872][  0]LogTemp: Display: Loaded TP LinuxTargetPlatform
[2018.06.13-19.54.47:872][  0]LogTargetPlatformManager: Display: Building Assets For Windows
[2018.06.13-19.54.52:164][  0]LogXGEController: Cannot use XGE Controller as Incredibuild is not installed on this machine.
[2018.06.13-19.54.52:164][  0]LogShaderCompilers: Cannot use XGE Shader Compiler as Incredibuild is not installed on this machine.
[2018.06.13-19.54.52:164][  0]LogShaderCompilers: Display: Using Local Shader Compiler.
[2018.06.13-19.54.55:426][  0]LogDerivedDataCache: Display: Max Cache Size: 512 MB
[2018.06.13-19.54.55:532][  0]LogDerivedDataCache: Loaded boot cache 0.11s 74MB C:/Users/aggiedannyray/AppData/Local/UnrealEngine/4.19/DerivedDataCache/Boot.ddc.
[2018.06.13-19.54.55:532][  0]LogDerivedDataCache: Display: Loaded Boot cache: C:/Users/aggiedannyray/AppData/Local/UnrealEngine/4.19/DerivedDataCache/Boot.ddc
[2018.06.13-19.54.55:532][  0]LogDerivedDataCache: FDerivedDataBackendGraph:  Pak pak cache file ../../../../../../Users/aggiedannyray/Documents/SummerGame/DerivedDataCache/DDC.ddp not found, will not use a pak cache.
[2018.06.13-19.54.55:532][  0]LogDerivedDataCache: Unable to find inner node Pak for hierarchical cache Hierarchy.
[2018.06.13-19.54.55:533][  0]LogDerivedDataCache: FDerivedDataBackendGraph:  CompressedPak pak cache file ../../../../../../Users/aggiedannyray/Documents/SummerGame/DerivedDataCache/Compressed.ddp not found, will not use a pak cache.
[2018.06.13-19.54.55:533][  0]LogDerivedDataCache: Unable to find inner node CompressedPak for hierarchical cache Hierarchy.
[2018.06.13-19.54.55:561][  0]LogDerivedDataCache: Display: Pak cache opened for reading ../../../Engine/DerivedDataCache/Compressed.ddp.
[2018.06.13-19.54.55:606][  0]LogDerivedDataCache: Using Local data cache path C:/Users/aggiedannyray/AppData/Local/UnrealEngine/Common/DerivedDataCache: Writable
[2018.06.13-19.54.55:606][  0]LogDerivedDataCache: Shared data cache path not found in *engine.ini, will not use an Shared cache.
[2018.06.13-19.54.55:606][  0]LogDerivedDataCache: Unable to find inner node Shared for hierarchical cache Hierarchy.
[2018.06.13-19.54.55:621][  0]LogMaterial: Verifying Global Shaders for PCD3D_SM5
[2018.06.13-19.54.55:622][  0]LogSlate: Using Freetype 2.6.0
[2018.06.13-19.54.55:657][  0]LogSlate: SlateFontCache - WITH_FREETYPE: 1, WITH_HARFBUZZ: 1
[2018.06.13-19.54.55:657][  0]LogSlate: SlateFontCache - WITH_FREETYPE: 1, WITH_HARFBUZZ: 1
[2018.06.13-19.54.59:828][  0]LogAssetRegistry: FAssetRegistry took 0.0404 seconds to start up
[2018.06.13-19.55.01:262][  0]LogInit: Selected Device Profile: [Windows]
[2018.06.13-19.55.03:077][  0]LogSimplygon: Simplygon DLL not present - disabling.
[2018.06.13-19.55.03:132][  0]LogMeshReduction: Using SimplygonSwarm for distributed automatic mesh merging
[2018.06.13-19.55.03:132][  0]LogMeshReduction: Using QuadricMeshReduction for automatic static mesh reduction
[2018.06.13-19.55.03:132][  0]LogMeshReduction: No automatic skeletal mesh reduction module available
[2018.06.13-19.55.03:132][  0]LogMeshReduction: No automatic mesh merging module available
[2018.06.13-19.55.03:132][  0]LogMeshMerging: No automatic mesh merging module available
[2018.06.13-19.55.04:088][  0]LogNetVersion: SummerGame , NetCL: 3944462, EngineNetVer: 2, GameNetVer: 0 (Checksum: 3616750112)
[2018.06.13-19.55.08:713][  0]LogPackageLocalizationCache: Processed 9 localized package path(s) for 2 prioritized culture(s) in 0.832751 seconds
[2018.06.13-19.55.08:722][  0]LogUObjectArray: 36728 objects as part of root set at end of initial load.
[2018.06.13-19.55.08:722][  0]LogUObjectAllocator: 7314312 out of 0 bytes used by permanent object pool.
[2018.06.13-19.55.08:722][  0]LogUObjectArray: CloseDisregardForGC: 0/0 objects in disregard for GC pool
[2018.06.13-19.55.40:702][  0]LogTcpMessaging: Initializing TcpMessaging bridge
[2018.06.13-19.55.41:430][  0]LogUdpMessaging: Initializing bridge on interface 0.0.0.0:0 to multicast group 230.0.0.1:6666.
[2018.06.13-19.55.52:015][  0]SourceControl: Source control is disabled
[2018.06.13-19.55.52:016][  0]SourceControl: Source control is disabled
[2018.06.13-19.55.52:708][  0]SourceControl: Source control is disabled
[2018.06.13-19.55.53:462][  0]SourceControl: Source control is disabled
[2018.06.13-19.56.10:790][  0]LogAndroidPermission: UAndroidPermissionCallbackProxy::GetInstance
[2018.06.13-19.56.20:606][  0]LogOcInput: OculusInput pre-init called
[2018.06.13-19.56.23:074][  0]LogEngine: Initializing Engine...
[2018.06.13-19.56.23:076][  0]LogHMD: Failed to initialize OpenVR with code 110
[2018.06.13-19.56.23:084][  0]LogStats: UGameplayTagsManager::ConstructGameplayTagTree: Construct from data asset -  0.000 s
[2018.06.13-19.56.23:084][  0]LogStats: UGameplayTagsManager::ConstructGameplayTagTree: GameplayTagTreeChangedEvent.Broadcast -  0.000 s
[2018.06.13-19.56.24:133][  0]LogAIModule: Creating AISystem for world Untitled
[2018.06.13-19.56.24:149][  0]LogInit: XAudio2 using 'Speakers (Realtek High Definition Audio)' : 2 channels at 48 kHz using 32 bits per sample (channel mask 0x3)
[2018.06.13-19.56.24:187][  0]LogInit: FAudioDevice initialized.
[2018.06.13-19.56.24:419][  0]LogDerivedDataCache: Saved boot cache 0.23s 74MB C:/Users/aggiedannyray/AppData/Local/UnrealEngine/4.19/DerivedDataCache/Boot.ddc.
[2018.06.13-19.56.24:449][  0]LogInit: Texture streaming: Enabled
[2018.06.13-19.56.24:627][  0]LogEngineSessionManager: EngineSessionManager initialized
[2018.06.13-19.56.24:711][  0]LogInit: Transaction tracking system initialized
[2018.06.13-19.56.24:914][  0]BlueprintLog: New page: Editor Load
[2018.06.13-19.56.25:643][  0]LocalizationService: Localization service is disabled
[2018.06.13-19.56.27:519][  0]LogConsoleResponse: Display: 
[2018.06.13-19.56.29:664][  0]LogCook: Display: Max memory allowance for cook 16384mb min free memory 0mb
[2018.06.13-19.56.29:664][  0]LogCook: Display: Mobile HDR setting 1
[2018.06.13-19.56.29:664][  0]LogGameplayTags: Display: UGameplayTagsManager::DoneAddingNativeTags. DelegateIsBound: 0
[2018.06.13-19.56.29:664][  0]LogStats: UGameplayTagsManager::ConstructGameplayTagTree: Construct from data asset -  0.000 s
[2018.06.13-19.56.29:664][  0]LogStats: UGameplayTagsManager::ConstructGameplayTagTree: GameplayTagTreeChangedEvent.Broadcast -  0.000 s
[2018.06.13-19.56.31:219][  0]LogFileCache: Scanning file cache for directory 'C:/Users/aggiedannyray/Documents/SummerGame/Content/' took 0.33s
[2018.06.13-19.56.47:473][  0]SourceControl: Source control is disabled
[2018.06.13-19.56.47:474][  0]Cmd: MAP LOAD FILE="../../../../../../Users/aggiedannyray/Documents/SummerGame/Content/FirstPersonBP/Maps/FirstPersonExampleMap.umap" TEMPLATE=0 SHOWPROGRESS=1 FEATURELEVEL=3
[2018.06.13-19.56.47:490][  0]LightingResults: New page: Lighting Build
[2018.06.13-19.56.47:510][  0]MapCheck: New page: Map Check
[2018.06.13-19.56.47:510][  0]LightingResults: New page: Lighting Build
[2018.06.13-19.56.47:909][  0]LogUObjectGlobals: Created PersistentFrame Addr=0x000002110a68a520, Size=72, Default__FirstPerson_AnimBP_C Function /Game/FirstPerson/Animations/FirstPerson_AnimBP.FirstPerson_AnimBP_C:ExecuteUbergraph_FirstPerson_AnimBP
[2018.06.13-19.56.47:927][  0]LogUObjectGlobals: Destroyed PersistentFrame Addr=0x000002110a68a520, Size=72
[2018.06.13-19.56.47:927][  0]LogUObjectGlobals: Created PersistentFrame Addr=0x000002110e5fb970, Size=72, Default__FirstPerson_AnimBP_C Function /Engine/Transient.REINST_FirstPerson_AnimBP_C_0:ExecuteUbergraph_FirstPerson_AnimBP
[2018.06.13-19.56.47:938][  0]LogUObjectGlobals: Created PersistentFrame Addr=0x000002110ebcd800, Size=72, Default__FirstPerson_AnimBP_C Function /Game/FirstPerson/Animations/FirstPerson_AnimBP.FirstPerson_AnimBP_C:ExecuteUbergraph_FirstPerson_AnimBP
[2018.06.13-19.56.48:157][  0]LogUObjectGlobals: Created PersistentFrame Addr=0x000002110bd35480, Size=24, Default__TetheringMovable_C Function /Game/FirstPersonBP/Blueprints/InteractableBlueprints/TetheringMovable.TetheringMovable_C:ExecuteUbergraph_TetheringMovable
[2018.06.13-19.56.48:160][  0]LogUObjectGlobals: Destroyed PersistentFrame Addr=0x000002110bd35480, Size=24
[2018.06.13-19.56.48:160][  0]LogUObjectGlobals: Created PersistentFrame Addr=0x000002110bd35480, Size=24, Default__TetheringMovable_C Function /Engine/Transient.REINST_TetheringMovable_C_4:ExecuteUbergraph_TetheringMovable
[2018.06.13-19.56.48:161][  0]LogUObjectGlobals: Created PersistentFrame Addr=0x000002110bd34358, Size=24, Default__TetheringMovable_C Function /Game/FirstPersonBP/Blueprints/InteractableBlueprints/TetheringMovable.TetheringMovable_C:ExecuteUbergraph_TetheringMovable
[2018.06.13-19.56.48:255][  0]LogUObjectGlobals: Created PersistentFrame Addr=0x000002110edf3fd0, Size=24, Default__TetheringOrigin_C Function /Game/FirstPersonBP/Blueprints/InteractableBlueprints/TetheringOrigin.TetheringOrigin_C:ExecuteUbergraph_TetheringOrigin
[2018.06.13-19.56.48:258][  0]LogUObjectGlobals: Destroyed PersistentFrame Addr=0x000002110edf3fd0, Size=24
[2018.06.13-19.56.48:258][  0]LogUObjectGlobals: Created PersistentFrame Addr=0x000002110edf3fd0, Size=24, Default__TetheringOrigin_C Function /Engine/Transient.REINST_TetheringOrigin_C_6:ExecuteUbergraph_TetheringOrigin
[2018.06.13-19.56.48:259][  0]LogUObjectGlobals: Created PersistentFrame Addr=0x000002110edf3cd0, Size=24, Default__TetheringOrigin_C Function /Game/FirstPersonBP/Blueprints/InteractableBlueprints/TetheringOrigin.TetheringOrigin_C:ExecuteUbergraph_TetheringOrigin
[2018.06.13-19.56.49:582][  0]LogUObjectGlobals: Created PersistentFrame Addr=0x000002110f1c5000, Size=928, Default__FirstPersonCharacter_C Function /Game/FirstPersonBP/Blueprints/FirstPersonCharacter.FirstPersonCharacter_C:ExecuteUbergraph_FirstPersonCharacter
[2018.06.13-19.56.49:666][  0]LogUObjectGlobals: Destroyed PersistentFrame Addr=0x000002110f1c5000, Size=928
[2018.06.13-19.56.49:666][  0]LogUObjectGlobals: Created PersistentFrame Addr=0x000002110f1c5000, Size=928, Default__FirstPersonCharacter_C Function /Engine/Transient.REINST_FirstPersonCharacter_C_8:ExecuteUbergraph_FirstPersonCharacter
[2018.06.13-19.56.49:721][  0]LogUObjectGlobals: Created PersistentFrame Addr=0x000002110fba7400, Size=928, Default__FirstPersonCharacter_C Function /Game/FirstPersonBP/Blueprints/FirstPersonCharacter.FirstPersonCharacter_C:ExecuteUbergraph_FirstPersonCharacter
[2018.06.13-19.56.50:224][  0]LogUObjectGlobals: Created PersistentFrame Addr=0x000002110f87db40, Size=48, Default__FirstPersonHUD_C Function /Game/FirstPersonBP/Blueprints/FirstPersonHUD.FirstPersonHUD_C:ExecuteUbergraph_FirstPersonHUD
[2018.06.13-19.56.50:227][  0]LogUObjectGlobals: Destroyed PersistentFrame Addr=0x000002110f87db40, Size=48
[2018.06.13-19.56.50:228][  0]LogUObjectGlobals: Created PersistentFrame Addr=0x000002110f87db40, Size=48, Default__FirstPersonHUD_C Function /Engine/Transient.REINST_FirstPersonHUD_C_12:ExecuteUbergraph_FirstPersonHUD
[2018.06.13-19.56.50:230][  0]LogUObjectGlobals: Created PersistentFrame Addr=0x000002110f8abeb0, Size=52, Default__FirstPersonHUD_C Function /Game/FirstPersonBP/Blueprints/FirstPersonHUD.FirstPersonHUD_C:ExecuteUbergraph_FirstPersonHUD
[2018.06.13-19.56.50:578][  0]LogUObjectGlobals: Created PersistentFrame Addr=0x000002110f60aab8, Size=4, Default__FirstPersonExampleMap_C Function /Game/FirstPersonBP/Maps/FirstPersonExampleMap.FirstPersonExampleMap_C:ExecuteUbergraph_FirstPersonExampleMap
[2018.06.13-19.56.50:606][  0]LogBlueprint: Warning: [Compiler PersistentLevel.FirstPersonExampleMap] Get : 'TetherOriginCable' variable not found. Base class was probably changed. /Game/FirstPersonBP/Maps/FirstPersonExampleMap.FirstPersonExampleMap:PersistentLevel.FirstPersonExampleMap
[2018.06.13-19.56.50:613][  0]LogUObjectGlobals: Destroyed PersistentFrame Addr=0x000002110f60aab8, Size=4
[2018.06.13-19.56.50:613][  0]LogUObjectGlobals: Created PersistentFrame Addr=0x000002110f60aab8, Size=4, Default__FirstPersonExampleMap_C Function /Engine/Transient.REINST_FirstPersonExampleMap_C_16:ExecuteUbergraph_FirstPersonExampleMap
[2018.06.13-19.56.50:632][  0]LogUObjectGlobals: Created PersistentFrame Addr=0x000002110f609910, Size=4, Default__FirstPersonExampleMap_C Function /Game/FirstPersonBP/Maps/FirstPersonExampleMap.FirstPersonExampleMap_C:ExecuteUbergraph_FirstPersonExampleMap
[2018.06.13-19.56.50:634][  0]LogBlueprint: Warning: [Compiler PersistentLevel.FirstPersonExampleMap] [0230.21] Compile of PersistentLevel.FirstPersonExampleMap successful, but with 1 Warning(s) [in 31 ms] (/Game/FirstPersonBP/Maps/FirstPersonExampleMap.FirstPersonExampleMap:PersistentLevel.FirstPersonExampleMap)
[2018.06.13-19.56.50:865][  0]LogSkeletalMesh: Skeletal Mesh found in DDC [4.089157ms] /Game/FirstPerson/FPWeapon/Mesh/SK_FPGun.SK_FPGun
[2018.06.13-19.56.50:940][  0]LogSkeletalMesh: Skeletal Mesh found in DDC [5.415355ms] /Game/FirstPerson/Character/Mesh/SK_Mannequin_Arms.SK_Mannequin_Arms
[2018.06.13-19.56.51:258][  0]LogAIModule: Creating AISystem for world FirstPersonExampleMap
[2018.06.13-19.56.51:300][  0]LogEditorServer: Finished looking for orphan Actors (0.000 secs)
[2018.06.13-19.56.51:333][  0]LogUObjectGlobals: Destroyed PersistentFrame Addr=0x000002110e5fb970, Size=72
[2018.06.13-19.56.51:333][  0]LogUObjectGlobals: Destroyed PersistentFrame Addr=0x000002110bd35480, Size=24
[2018.06.13-19.56.51:333][  0]LogUObjectGlobals: Destroyed PersistentFrame Addr=0x000002110edf3fd0, Size=24
[2018.06.13-19.56.51:333][  0]LogUObjectGlobals: Destroyed PersistentFrame Addr=0x000002110f1c5000, Size=928
[2018.06.13-19.56.51:334][  0]LogUObjectGlobals: Destroyed PersistentFrame Addr=0x000002110f87db40, Size=48
[2018.06.13-19.56.51:334][  0]LogUObjectGlobals: Destroyed PersistentFrame Addr=0x000002110f60aab8, Size=4
[2018.06.13-19.56.51:338][  0]Cmd: MAP CHECKDEP NOCLEARLOG
[2018.06.13-19.56.55:025][  0]MapCheck: Map check complete: 0 Error(s), 0 Warning(s), took 3,686.265ms to complete.
[2018.06.13-19.56.55:025][  0]LogFileHelpers: Loading map 'FirstPersonExampleMap' took 7.551
[2018.06.13-19.56.55:451][  0]LogCollectionManager: Loaded 0 collections in 0.026905 seconds
[2018.06.13-19.56.55:538][  0]LogFileCache: Scanning file cache for directory 'C:/Users/aggiedannyray/Documents/SummerGame/Saved/Collections/' took 0.02s
[2018.06.13-19.56.55:538][  0]LogFileCache: Scanning file cache for directory 'C:/Users/aggiedannyray/Documents/SummerGame/Content/Developers/aggiedannyray/Collections/' took 0.01s
[2018.06.13-19.56.55:539][  0]LogFileCache: Scanning file cache for directory 'C:/Users/aggiedannyray/Documents/SummerGame/Content/Collections/' took 0.01s
[2018.06.13-19.56.55:539][  0]LogCollectionManager: Rebuilt the GUID cache for 0 collections in 0.000001 seconds
[2018.06.13-19.56.55:561][  0]LogContentBrowser: Native class hierarchy populated in 0.0217 seconds. Added 2452 classes and 558 folders.
[2018.06.13-19.56.55:620][  0]LogContentBrowser: Native class hierarchy updated for 'WidgetCarousel' in 0.0008 seconds. Added 0 classes and 0 folders.
[2018.06.13-19.56.57:215][  0]LogContentBrowser: Native class hierarchy updated for 'AddContentDialog' in 0.0007 seconds. Added 0 classes and 0 folders.
[2018.06.13-19.56.57:265][  0]LogContentBrowser: Native class hierarchy updated for 'SceneOutliner' in 0.0007 seconds. Added 1 classes and 2 folders.
[2018.06.13-19.56.57:321][  0]LogSlate: Took 0.022238 seconds to synchronously load lazily loaded font '../../../Engine/Content/Slate/Fonts/Roboto-Regular.ttf' (155K)
[2018.06.13-19.56.57:345][  0]LogSlate: Took 0.020155 seconds to synchronously load lazily loaded font '../../../Engine/Content/Slate/Fonts/Roboto-Bold.ttf' (160K)
[2018.06.13-19.56.57:378][  0]LogSlate: Took 0.014823 seconds to synchronously load lazily loaded font '../../../Engine/Content/Editor/Slate/Fonts/FontAwesome.ttf' (139K)
[2018.06.13-19.56.57:963][  0]LogRenderer: Reallocating scene render targets to support 1208x652 Format 10 NumSamples 1 (Frame:1).
[2018.06.13-19.56.58:163][  0]LogSlate: FSceneViewport::OnFocusLost() reason 2
[2018.06.13-19.56.58:308][  0]LogSlate: Window 'Tutorials' being destroyed
[2018.06.13-19.56.58:386][  0]LogContentBrowser: Native class hierarchy updated for 'HierarchicalLODOutliner' in 0.0004 seconds. Added 0 classes and 0 folders.
[2018.06.13-19.56.58:386][  0]LogLoad: (Engine Initialization) Total time: 237.96 seconds
[2018.06.13-19.56.58:386][  0]LogLoad: (Engine Initialization) Total Blueprint compile time: 0.00 seconds
[2018.06.13-19.56.58:738][  0]LogContentStreaming: Texture pool size now 1000 MB
[2018.06.13-19.56.58:850][  0]LogSlate: Took 0.009794 seconds to synchronously load lazily loaded font '../../../Engine/Content/Slate/Fonts/Roboto-Light.ttf' (167K)
[2018.06.13-19.56.58:965][  2]LogAssetRegistry: Asset discovery search completed in 119.1591 seconds
[2018.06.13-19.56.58:967][  2]LogCollectionManager: Rebuilt the object cache for 0 collections in 0.000000 seconds (found 0 objects)
[2018.06.13-19.56.58:967][  2]LogCollectionManager: Fixed up redirectors for 0 collections in 0.000056 seconds (updated 0 objects)
[2018.06.13-19.57.00:870][136]LogSlate: FSceneViewport::OnFocusLost() reason 2
[2018.06.13-19.57.17:016][ 39]LogSourceControl: Error: P4ERROR: Invalid connection to server.
[2018.06.13-19.57.17:017][ 39]LogSourceControl: Error: Connect to server failed; check $P4PORT.
TCP connect to perforce:1666 failed.
No such host is known. 

[2018.06.13-19.58.09:992][607]LogSourceControl: Attempting 'p4 clients -u Daniel'
[2018.06.13-19.58.10:034][612]LogSourceControl: Error:  Daniel_INTERACTIVE-20_MainWorkspace_WKS client specs rejected due to root directory mismatch (c:/users/aggiedannyray/perforce/daniel_interactive-20_mainworkspace_wks/)
[2018.06.13-19.58.15:441][110]LogSourceControl: Attempting 'p4 client -o Daniel_INTERACTIVE-20_MainWorkspace_WKS'
[2018.06.13-19.58.15:487][114]SourceControl: Error: Workspace 'Daniel_INTERACTIVE-20_MainWorkspace_WKS' does not map into this project's directory.
[2018.06.13-19.58.15:487][114]SourceControl: Error: You should set your workspace up to map to a directory at or above the project's directory.
[2018.06.13-19.58.15:487][114]SourceControl: Error: Workspace 'Daniel_INTERACTIVE-20_MainWorkspace_WKS' does not map into this project's directory.
[2018.06.13-19.58.36:078][797]LogSourceControl: Attempting 'p4 clients -u Daniel'
[2018.06.13-19.58.36:143][803]LogSourceControl: Error:  Daniel_INTERACTIVE-20_MainWorkspace_WKS client specs rejected due to root directory mismatch (c:/users/aggiedannyray/perforce/daniel_interactive-20_mainworkspace_wks/)
